<?xml version="1.0" encoding="UTF-8"?>
<testsuite name="org.oobootcamp.OOBootcampTest" tests="1" skipped="0" failures="0" errors="0" timestamp="2022-06-13T06:33:46" hostname="jingsongzengs-MacBook-Pro.local" time="0.056">
  <properties/>
  <testcase name="should_welcome_to_oo_bootcamp()" classname="org.oobootcamp.OOBootcampTest" time="0.056"/>
  <system-out><![CDATA[]]></system-out>
  <system-err><![CDATA[]]></system-err>
</testsuite>
